c:\users\gunsct\desktop\서버테스트\ogre_server\debug\ogre_server.obj
c:\users\gunsct\desktop\서버테스트\ogre_server\debug\vc110.pdb
c:\users\gunsct\desktop\서버테스트\ogre_server\debug\parser.obj
c:\users\gunsct\desktop\서버테스트\ogre_server\debug\socket_client.obj
c:\users\gunsct\desktop\서버 패킷구조화 수정중\ogre_server\debug\vc110.pdb
c:\users\gunsct\desktop\서버테스트\ogre_server\debug\ogre_multi_server.ilk
c:\users\gunsct\desktop\서버테스트\ogre_server\debug\ogre_multi_server.exe
c:\users\gunsct\desktop\서버테스트\ogre_server\debug\ogre_multi_server.pdb
c:\users\gunsct\desktop\서버 패킷구조화 수정중\ogre_server\debug\multithreadtcpserver.obj
c:\users\gunsct\desktop\서버 패킷구조화 수정중\ogre_server\debug\parser.obj
c:\users\gunsct\desktop\서버 패킷구조화 수정중\ogre_server\debug\socket_client.obj
c:\users\gunsct\desktop\서버 패킷구조화 수정중\ogre_server\debug\multithreadtcpserver.ilk
c:\users\gunsct\desktop\서버 패킷구조화 수정중\ogre_server\debug\ogre_multi_server.ilk
c:\users\gunsct\desktop\서버 패킷구조화 수정중\ogre_server\debug\cl.command.1.tlog
c:\users\gunsct\desktop\서버 패킷구조화 수정중\ogre_server\debug\cl.read.1.tlog
c:\users\gunsct\desktop\서버 패킷구조화 수정중\ogre_server\debug\cl.write.1.tlog
c:\users\gunsct\desktop\서버 패킷구조화 수정중\ogre_server\debug\link-cvtres.read.1.tlog
c:\users\gunsct\desktop\서버 패킷구조화 수정중\ogre_server\debug\link-cvtres.write.1.tlog
c:\users\gunsct\desktop\서버 패킷구조화 수정중\ogre_server\debug\link-rc.read.1.tlog
c:\users\gunsct\desktop\서버 패킷구조화 수정중\ogre_server\debug\link-rc.write.1.tlog
c:\users\gunsct\desktop\서버 패킷구조화 수정중\ogre_server\debug\link.1948-cvtres.read.1.tlog
c:\users\gunsct\desktop\서버 패킷구조화 수정중\ogre_server\debug\link.1948-cvtres.write.1.tlog
c:\users\gunsct\desktop\서버 패킷구조화 수정중\ogre_server\debug\link.1948-rc.read.1.tlog
c:\users\gunsct\desktop\서버 패킷구조화 수정중\ogre_server\debug\link.1948-rc.write.1.tlog
c:\users\gunsct\desktop\서버 패킷구조화 수정중\ogre_server\debug\link.1948.read.1.tlog
c:\users\gunsct\desktop\서버 패킷구조화 수정중\ogre_server\debug\link.1948.write.1.tlog
c:\users\gunsct\desktop\서버 패킷구조화 수정중\ogre_server\debug\link.4112-cvtres.read.1.tlog
c:\users\gunsct\desktop\서버 패킷구조화 수정중\ogre_server\debug\link.4112-cvtres.write.1.tlog
c:\users\gunsct\desktop\서버 패킷구조화 수정중\ogre_server\debug\link.4112-rc.read.1.tlog
c:\users\gunsct\desktop\서버 패킷구조화 수정중\ogre_server\debug\link.4112-rc.write.1.tlog
c:\users\gunsct\desktop\서버 패킷구조화 수정중\ogre_server\debug\link.4112.read.1.tlog
c:\users\gunsct\desktop\서버 패킷구조화 수정중\ogre_server\debug\link.4112.write.1.tlog
c:\users\gunsct\desktop\서버 패킷구조화 수정중\ogre_server\debug\link.5832-cvtres.read.1.tlog
c:\users\gunsct\desktop\서버 패킷구조화 수정중\ogre_server\debug\link.5832-cvtres.write.1.tlog
c:\users\gunsct\desktop\서버 패킷구조화 수정중\ogre_server\debug\link.5832-rc.read.1.tlog
c:\users\gunsct\desktop\서버 패킷구조화 수정중\ogre_server\debug\link.5832-rc.write.1.tlog
c:\users\gunsct\desktop\서버 패킷구조화 수정중\ogre_server\debug\link.5832.read.1.tlog
c:\users\gunsct\desktop\서버 패킷구조화 수정중\ogre_server\debug\link.5832.write.1.tlog
c:\users\gunsct\desktop\서버 패킷구조화 수정중\ogre_server\debug\link.6120-cvtres.read.1.tlog
c:\users\gunsct\desktop\서버 패킷구조화 수정중\ogre_server\debug\link.6120-cvtres.write.1.tlog
c:\users\gunsct\desktop\서버 패킷구조화 수정중\ogre_server\debug\link.6120-rc.read.1.tlog
c:\users\gunsct\desktop\서버 패킷구조화 수정중\ogre_server\debug\link.6120-rc.write.1.tlog
c:\users\gunsct\desktop\서버 패킷구조화 수정중\ogre_server\debug\link.6120.read.1.tlog
c:\users\gunsct\desktop\서버 패킷구조화 수정중\ogre_server\debug\link.6120.write.1.tlog
c:\users\gunsct\desktop\서버 패킷구조화 수정중\ogre_server\debug\link.7504-cvtres.read.1.tlog
c:\users\gunsct\desktop\서버 패킷구조화 수정중\ogre_server\debug\link.7504-cvtres.write.1.tlog
c:\users\gunsct\desktop\서버 패킷구조화 수정중\ogre_server\debug\link.7504-rc.read.1.tlog
c:\users\gunsct\desktop\서버 패킷구조화 수정중\ogre_server\debug\link.7504-rc.write.1.tlog
c:\users\gunsct\desktop\서버 패킷구조화 수정중\ogre_server\debug\link.7504.read.1.tlog
c:\users\gunsct\desktop\서버 패킷구조화 수정중\ogre_server\debug\link.7504.write.1.tlog
c:\users\gunsct\desktop\서버 패킷구조화 수정중\ogre_server\debug\link.command.1.tlog
c:\users\gunsct\desktop\서버 패킷구조화 수정중\ogre_server\debug\link.read.1.tlog
c:\users\gunsct\desktop\서버 패킷구조화 수정중\ogre_server\debug\link.write.1.tlog
c:\users\gunsct\desktop\서버 패킷구조화 수정중\ogre_server\debug\vc110.idb
c:\users\gunsct\desktop\서버 패킷구조화 수정중\ogre_server\debug\vc120.idb
c:\users\gunsct\desktop\서버 패킷구조화 수정중\ogre_server\debug\multithreadtcpserver.pdb
c:\users\gunsct\desktop\서버 패킷구조화 수정중\ogre_server\debug\ogre_multi_server.pdb
c:\users\gunsct\desktop\서버 패킷구조화 수정중\ogre_server\debug\vc120.pdb
c:\users\gunsct\desktop\서버 패킷구조화 수정중\ogre_server\debug\ogre_multi_server.exe
