빌드 시작: 2015-12-02 오후 10:52:30
     1>2 노드의 "C:\Users\gunsct\Desktop\project\graphics\YBH_OgreServer\MultithreadTCPServer\MultithreadTCPServer.vcxproj" 프로젝트(Build 대상)입니다.
     1>C:\Program Files (x86)\MSBuild\Microsoft.Cpp\v4.0\V120\Microsoft.CppBuild.targets(388,5): warning MSB8028: The intermediate directory (Debug\) contains files shared from another project (MultithreadTCPServer.vcxproj).  This can lead to incorrect clean and rebuild behavior.
     1>ClCompile:
         C:\Program Files (x86)\Microsoft Visual Studio 12.0\VC\bin\CL.exe /c /ZI /nologo /W3 /WX- /Od /Oy- /D WIN32 /D _DEBUG /D _CONSOLE /D _MBCS /Gm /EHsc /RTC1 /MDd /GS /fp:precise /Zc:wchar_t /Zc:forScope /Fo"Debug\\" /Fd"Debug\vc120.pdb" /Gd /TP /analyze- /errorReport:prompt Ogre_Server.cpp
         Ogre_Server.cpp
     1>c:\users\gunsct\desktop\project\graphics\ybh_ogreserver\multithreadtcpserver\ogre_server.cpp(72): warning C4996: 'inet_ntoa': Use inet_ntop() or InetNtop() instead or define _WINSOCK_DEPRECATED_NO_WARNINGS to disable deprecated API warnings
                 c:\program files (x86)\windows kits\8.1\include\um\winsock2.h(1868) : 'inet_ntoa' 선언을 참조하십시오.
     1>c:\users\gunsct\desktop\project\graphics\ybh_ogreserver\multithreadtcpserver\ogre_server.cpp(101): warning C4996: 'inet_ntoa': Use inet_ntop() or InetNtop() instead or define _WINSOCK_DEPRECATED_NO_WARNINGS to disable deprecated API warnings
                 c:\program files (x86)\windows kits\8.1\include\um\winsock2.h(1868) : 'inet_ntoa' 선언을 참조하십시오.
     1>c:\users\gunsct\desktop\project\graphics\ybh_ogreserver\multithreadtcpserver\ogre_server.cpp(108): warning C4552: '!=' : 의미 없는 연산자입니다. 파생 작업이 있는 연산자여야 합니다.
     1>c:\users\gunsct\desktop\project\graphics\ybh_ogreserver\multithreadtcpserver\ogre_server.cpp(147): warning C4996: 'inet_ntoa': Use inet_ntop() or InetNtop() instead or define _WINSOCK_DEPRECATED_NO_WARNINGS to disable deprecated API warnings
                 c:\program files (x86)\windows kits\8.1\include\um\winsock2.h(1868) : 'inet_ntoa' 선언을 참조하십시오.
         C:\Program Files (x86)\Microsoft Visual Studio 12.0\VC\bin\CL.exe /c /ZI /nologo /W3 /WX- /Od /Oy- /D WIN32 /D _DEBUG /D _CONSOLE /D _MBCS /Gm /EHsc /RTC1 /MDd /GS /fp:precise /Zc:wchar_t /Zc:forScope /Fo"Debug\\" /Fd"Debug\vc120.pdb" /Gd /TP /analyze- /errorReport:prompt Parser.cpp
         Parser.cpp
     1>c:\users\gunsct\desktop\project\graphics\ybh_ogreserver\multithreadtcpserver\parser.cpp(80): warning C4018: '<' : signed 또는 unsigned가 일치하지 않습니다.
     1>c:\users\gunsct\desktop\project\graphics\ybh_ogreserver\multithreadtcpserver\parser.cpp(88): warning C4018: '<' : signed 또는 unsigned가 일치하지 않습니다.
       Link:
         C:\Program Files (x86)\Microsoft Visual Studio 12.0\VC\bin\link.exe /ERRORREPORT:PROMPT /OUT:"C:\Users\gunsct\Desktop\project\graphics\YBH_OgreServer\MultithreadTCPServer\Debug\Ogre_Multi_Server.exe" /INCREMENTAL /NOLOGO kernel32.lib user32.lib gdi32.lib winspool.lib comdlg32.lib advapi32.lib shell32.lib ole32.lib oleaut32.lib uuid.lib odbc32.lib odbccp32.lib /MANIFEST /MANIFESTUAC:"level='asInvoker' uiAccess='false'" /manifest:embed /DEBUG /PDB:"C:\Users\gunsct\Desktop\project\graphics\YBH_OgreServer\MultithreadTCPServer\Debug\Ogre_Multi_Server.pdb" /SUBSYSTEM:CONSOLE /TLBID:1 /DYNAMICBASE /NXCOMPAT /IMPLIB:"C:\Users\gunsct\Desktop\project\graphics\YBH_OgreServer\MultithreadTCPServer\Debug\Ogre_Multi_Server.lib" /MACHINE:X86 Debug\Ogre_Server.obj
         Debug\Parser.obj
         Debug\Socket_client.obj
         MultithreadTCPServer.vcxproj -> C:\Users\gunsct\Desktop\project\graphics\YBH_OgreServer\MultithreadTCPServer\Debug\Ogre_Multi_Server.exe
     1>"C:\Users\gunsct\Desktop\project\graphics\YBH_OgreServer\MultithreadTCPServer\MultithreadTCPServer.vcxproj" 프로젝트를 빌드했습니다(Build 대상).

빌드했습니다.

경과 시간: 00:00:01.60
