빌드 시작: 2015-12-01 오후 11:47:24
     1>2 노드의 "C:\Users\gunsct\Desktop\TCPClient\TCPClient.vcxproj" 프로젝트(Build 대상)입니다.
     1>ClCompile:
         C:\Program Files (x86)\Microsoft Visual Studio 12.0\VC\bin\CL.exe /c /ZI /nologo /W3 /WX- /Od /Oy- /D WIN32 /D _DEBUG /D _CONSOLE /D _MBCS /Gm /EHsc /RTC1 /MDd /GS /fp:precise /Zc:wchar_t /Zc:forScope /Fo"Debug\\" /Fd"Debug\vc120.pdb" /Gd /TP /analyze- /errorReport:prompt TCPClient.cpp
         TCPClient.cpp
     1>c:\users\gunsct\desktop\tcpclient\tcpclient.cpp(68): warning C4244: '인수' : 'time_t'에서 'unsigned int'(으)로 변환하면서 데이터가 손실될 수 있습니다.
     1>c:\users\gunsct\desktop\tcpclient\tcpclient.cpp(82): warning C4996: 'inet_addr': Use inet_pton() or InetPton() instead or define _WINSOCK_DEPRECATED_NO_WARNINGS to disable deprecated API warnings
                 c:\program files (x86)\windows kits\8.1\include\um\winsock2.h(1850) : 'inet_addr' 선언을 참조하십시오.
     1>c:\users\gunsct\desktop\tcpclient\tcpclient.cpp(103): warning C4996: 'sprintf': This function or variable may be unsafe. Consider using sprintf_s instead. To disable deprecation, use _CRT_SECURE_NO_WARNINGS. See online help for details.
                 c:\program files (x86)\microsoft visual studio 12.0\vc\include\stdio.h(356) : 'sprintf' 선언을 참조하십시오.
     1>c:\users\gunsct\desktop\tcpclient\tcpclient.cpp(104): warning C4996: 'sprintf': This function or variable may be unsafe. Consider using sprintf_s instead. To disable deprecation, use _CRT_SECURE_NO_WARNINGS. See online help for details.
                 c:\program files (x86)\microsoft visual studio 12.0\vc\include\stdio.h(356) : 'sprintf' 선언을 참조하십시오.
     1>c:\users\gunsct\desktop\tcpclient\tcpclient.cpp(105): warning C4996: 'sprintf': This function or variable may be unsafe. Consider using sprintf_s instead. To disable deprecation, use _CRT_SECURE_NO_WARNINGS. See online help for details.
                 c:\program files (x86)\microsoft visual studio 12.0\vc\include\stdio.h(356) : 'sprintf' 선언을 참조하십시오.
     1>c:\users\gunsct\desktop\tcpclient\tcpclient.cpp(115): warning C4996: 'sprintf': This function or variable may be unsafe. Consider using sprintf_s instead. To disable deprecation, use _CRT_SECURE_NO_WARNINGS. See online help for details.
                 c:\program files (x86)\microsoft visual studio 12.0\vc\include\stdio.h(356) : 'sprintf' 선언을 참조하십시오.
     1>c:\users\gunsct\desktop\tcpclient\tcpclient.cpp(89): warning C4101: 'len' :참조되지 않은 지역 변수입니다.
       Link:
         C:\Program Files (x86)\Microsoft Visual Studio 12.0\VC\bin\link.exe /ERRORREPORT:PROMPT /OUT:"C:\Users\gunsct\Desktop\TCPClient\Debug\TCPClient.exe" /INCREMENTAL /NOLOGO kernel32.lib user32.lib gdi32.lib winspool.lib comdlg32.lib advapi32.lib shell32.lib ole32.lib oleaut32.lib uuid.lib odbc32.lib odbccp32.lib /MANIFEST /MANIFESTUAC:"level='asInvoker' uiAccess='false'" /manifest:embed /DEBUG /PDB:"C:\Users\gunsct\Desktop\TCPClient\Debug\TCPClient.pdb" /SUBSYSTEM:CONSOLE /TLBID:1 /DYNAMICBASE /NXCOMPAT /IMPLIB:"C:\Users\gunsct\Desktop\TCPClient\Debug\TCPClient.lib" /MACHINE:X86 Debug\TCPClient.obj
         TCPClient.vcxproj -> C:\Users\gunsct\Desktop\TCPClient\Debug\TCPClient.exe
     1>"C:\Users\gunsct\Desktop\TCPClient\TCPClient.vcxproj" 프로젝트를 빌드했습니다(Build 대상).

빌드했습니다.

경과 시간: 00:00:00.72
